<?xml version="1.0" encoding="UTF-8"?>
<!-- Generated by org.testng.reporters.JUnitXMLReporter -->
<testsuite hostname="DESKTOP-3FTA8TU" ignored="0" name="Test" tests="9" failures="1" timestamp="2021-07-14T07:24:53 IST" time="5.684" errors="0">
  <testcase name="TC1" time="0.056" classname="TestNG.demo1Suite1"/>
  <testcase name="TC2" time="0.007" classname="TestNG.demo1Suite1"/>
  <testcase name="TC3" time="0.008" classname="TestNG.demo1Suite1"/>
  <testcase name="TC4" time="0.019" classname="TestNG.demo1Suite2"/>
  <testcase name="TC5" time="0.025" classname="TestNG.demo1Suite2"/>
  <testcase name="TC6" time="0.018" classname="TestNG.demo1Suite2"/>
  <testcase name="TC7" time="5.082" classname="TestNG.demo1Suite3">
    <failure type="org.testng.internal.thread.ThreadTimeoutException" message="Method TestNG.demo1Suite3.TC7() didn&amp;apos;t finish within the time-out 5000">
      <![CDATA[org.testng.internal.thread.ThreadTimeoutException: Method TestNG.demo1Suite3.TC7() didn't finish within the time-out 5000
at java.util.ArrayList.forEach(Unknown Source)
... Removed 24 stack frames]]>
    </failure>
  </testcase> <!-- TC7 -->
  <testcase name="TC8" time="0.014" classname="TestNG.demo1Suite3"/>
  <testcase name="TC9" time="0.009" classname="TestNG.demo1Suite3"/>
</testsuite> <!-- Test -->
