<?xml version="1.0" encoding="UTF-8"?>
<testng-results skipped="0" failed="1" ignored="0" total="9" passed="8">
  <reporter-output>
    <line>
      <![CDATA[running TC1..]]>
    </line>
    <line>
      <![CDATA[running TC2..]]>
    </line>
    <line>
      <![CDATA[running TC3..]]>
    </line>
    <line>
      <![CDATA[running TC4..]]>
    </line>
    <line>
      <![CDATA[running TC5..]]>
    </line>
    <line>
      <![CDATA[running TC6..]]>
    </line>
    <line>
      <![CDATA[running TC8..]]>
    </line>
    <line>
      <![CDATA[running TC9..]]>
    </line>
  </reporter-output>
  <suite name="Suite" duration-ms="5684" started-at="2021-07-14T07:24:47 IST" finished-at="2021-07-14T07:24:53 IST">
    <groups>
    </groups>
    <test name="Test" duration-ms="5684" started-at="2021-07-14T07:24:47 IST" finished-at="2021-07-14T07:24:53 IST">
      <class name="TestNG.demo1Suite3">
        <test-method status="FAIL" signature="TC7()[pri:0, instance:TestNG.demo1Suite3@e320068]" name="TC7" duration-ms="5082" started-at="2021-07-14T07:24:48 IST" finished-at="2021-07-14T07:24:53 IST">
          <exception class="org.testng.internal.thread.ThreadTimeoutException">
            <message>
              <![CDATA[Method TestNG.demo1Suite3.TC7() didn't finish within the time-out 5000]]>
            </message>
            <full-stacktrace>
              <![CDATA[org.testng.internal.thread.ThreadTimeoutException: Method TestNG.demo1Suite3.TC7() didn't finish within the time-out 5000
at org.testng.internal.MethodInvocationHelper.invokeWithTimeoutWithNewExecutor(MethodInvocationHelper.java:384)
at org.testng.internal.MethodInvocationHelper.invokeWithTimeout(MethodInvocationHelper.java:283)
at org.testng.internal.TestInvoker.invokeMethod(TestInvoker.java:604)
at org.testng.internal.TestInvoker.invokeTestMethod(TestInvoker.java:173)
at org.testng.internal.MethodRunner.runInSequence(MethodRunner.java:46)
at org.testng.internal.TestInvoker$MethodInvocationAgent.invoke(TestInvoker.java:824)
at org.testng.internal.TestInvoker.invokeTestMethods(TestInvoker.java:146)
at org.testng.internal.TestMethodWorker.invokeTestMethods(TestMethodWorker.java:146)
at org.testng.internal.TestMethodWorker.run(TestMethodWorker.java:128)
at java.util.ArrayList.forEach(Unknown Source)
at org.testng.TestRunner.privateRun(TestRunner.java:794)
at org.testng.TestRunner.run(TestRunner.java:596)
at org.testng.SuiteRunner.runTest(SuiteRunner.java:377)
at org.testng.SuiteRunner.runSequentially(SuiteRunner.java:371)
at org.testng.SuiteRunner.privateRun(SuiteRunner.java:332)
at org.testng.SuiteRunner.run(SuiteRunner.java:276)
at org.testng.SuiteRunnerWorker.runSuite(SuiteRunnerWorker.java:53)
at org.testng.SuiteRunnerWorker.run(SuiteRunnerWorker.java:96)
at org.testng.TestNG.runSuitesSequentially(TestNG.java:1212)
at org.testng.TestNG.runSuitesLocally(TestNG.java:1134)
at org.testng.TestNG.runSuites(TestNG.java:1063)
at org.testng.TestNG.run(TestNG.java:1031)
at org.testng.remote.AbstractRemoteTestNG.run(AbstractRemoteTestNG.java:115)
at org.testng.remote.RemoteTestNG.initAndRun(RemoteTestNG.java:251)
at org.testng.remote.RemoteTestNG.main(RemoteTestNG.java:77)
]]>
            </full-stacktrace>
          </exception> <!-- org.testng.internal.thread.ThreadTimeoutException -->
          <reporter-output>
          </reporter-output>
        </test-method> <!-- TC7 -->
        <test-method status="PASS" signature="TC8()[pri:0, instance:TestNG.demo1Suite3@e320068]" name="TC8" duration-ms="14" started-at="2021-07-14T07:24:53 IST" finished-at="2021-07-14T07:24:53 IST">
          <reporter-output>
            <line>
              <![CDATA[running TC8..]]>
            </line>
          </reporter-output>
        </test-method> <!-- TC8 -->
        <test-method status="PASS" signature="TC9()[pri:0, instance:TestNG.demo1Suite3@e320068]" name="TC9" duration-ms="9" started-at="2021-07-14T07:24:53 IST" finished-at="2021-07-14T07:24:53 IST">
          <reporter-output>
            <line>
              <![CDATA[running TC9..]]>
            </line>
          </reporter-output>
        </test-method> <!-- TC9 -->
      </class> <!-- TestNG.demo1Suite3 -->
      <class name="TestNG.demo1Suite1">
        <test-method status="PASS" signature="TC1()[pri:0, instance:TestNG.demo1Suite1@1786dec2]" name="TC1" duration-ms="56" started-at="2021-07-14T07:24:48 IST" finished-at="2021-07-14T07:24:48 IST">
          <reporter-output>
            <line>
              <![CDATA[running TC1..]]>
            </line>
          </reporter-output>
        </test-method> <!-- TC1 -->
        <test-method status="PASS" signature="TC2()[pri:0, instance:TestNG.demo1Suite1@1786dec2]" name="TC2" duration-ms="7" started-at="2021-07-14T07:24:48 IST" finished-at="2021-07-14T07:24:48 IST">
          <reporter-output>
            <line>
              <![CDATA[running TC2..]]>
            </line>
          </reporter-output>
        </test-method> <!-- TC2 -->
        <test-method status="PASS" signature="TC3()[pri:0, instance:TestNG.demo1Suite1@1786dec2]" name="TC3" duration-ms="8" started-at="2021-07-14T07:24:48 IST" finished-at="2021-07-14T07:24:48 IST">
          <reporter-output>
            <line>
              <![CDATA[running TC3..]]>
            </line>
          </reporter-output>
        </test-method> <!-- TC3 -->
      </class> <!-- TestNG.demo1Suite1 -->
      <class name="TestNG.demo1Suite2">
        <test-method status="PASS" signature="TC4()[pri:0, instance:TestNG.demo1Suite2@59e5ddf]" name="TC4" duration-ms="19" started-at="2021-07-14T07:24:48 IST" finished-at="2021-07-14T07:24:48 IST">
          <reporter-output>
            <line>
              <![CDATA[running TC4..]]>
            </line>
          </reporter-output>
        </test-method> <!-- TC4 -->
        <test-method status="PASS" signature="TC5()[pri:0, instance:TestNG.demo1Suite2@59e5ddf]" name="TC5" duration-ms="25" started-at="2021-07-14T07:24:48 IST" finished-at="2021-07-14T07:24:48 IST">
          <reporter-output>
            <line>
              <![CDATA[running TC5..]]>
            </line>
          </reporter-output>
        </test-method> <!-- TC5 -->
        <test-method status="PASS" signature="TC6()[pri:0, instance:TestNG.demo1Suite2@59e5ddf]" name="TC6" duration-ms="18" started-at="2021-07-14T07:24:48 IST" finished-at="2021-07-14T07:24:48 IST">
          <reporter-output>
            <line>
              <![CDATA[running TC6..]]>
            </line>
          </reporter-output>
        </test-method> <!-- TC6 -->
      </class> <!-- TestNG.demo1Suite2 -->
    </test> <!-- Test -->
  </suite> <!-- Suite -->
</testng-results>
